Los_Angeles,_CA Atlanta,_GA we're hiring click apply: pantry chef hospitality foodandbeverage losangeles, ca
Manhattan,_NY Atlanta,_GA update: construction m10bus both directions eighth avenue:w 57th street
Toronto,_Ontario Atlanta,_GA it's finally starting feel like spring toronto, ontario
Toronto,_Ontario Atlanta,_GA robert cooke cooperative homes toronto, ontario
Atlanta,_GA Atlanta,_GA just cocacola entrepreneur ootd fashionmoguls fullyonfleek theview thewave
Manhattan,_NY Atlanta,_GA schmo goes one one legend, james goldstein stay tuned legendary interview
Chicago,_IL Atlanta,_GA super fun spin essential chicago design concept, complete vip whisky tastings from
San_Francisco,_CA Atlanta,_GA what's up, mac dog offthegrid off grid
Los_Angeles,_CA Atlanta,_GA "you prepare table before me presence enemies" psalm 23:5
Los_Angeles,_CA Atlanta,_GA yea heart cold but still got sweater
Los_Angeles,_CA Atlanta,_GA ut crew charliekay university towers
Boston,_MA Atlanta,_GA brewery tour samuel adams brewery samueladamsbeer boston, ma johnzak
San_Francisco,_CA Atlanta,_GA kaneholler miikesnow indysf kainmalaysiamurah miikesnow nikki independent
Boston,_MA Atlanta,_GA pavia_italian cuisine catering boston, ma
Manhattan,_NY Atlanta,_GA just posted photo atlanta west end
Los_Angeles,_CA Atlanta,_GA if you're nursing professional tarzana, ca, check out job: hiring careerarc
Manhattan,_NY Atlanta,_GA nowplaying "the clearing" by superb rachel grimes ensemble what amazing record
Chicago,_IL Atlanta,_GA we're hiring read about latest job opening here: client executive north central chicago, il sales
Manhattan,_NY Atlanta,_GA under sea darajaclyn_ downtown100 new york times square
Manhattan,_NY Atlanta,_GA tribecagrill new york, ny
Los_Angeles,_CA Atlanta,_GA what know about beverly hills real estate market
Manhattan,_NY Atlanta,_GA tonight 25th annual george wayne downtown 100, downtown 100 list celebration here
Orlando,_FL Atlanta,_GA tako cheena orlando, fl
Los_Angeles,_CA Atlanta,_GA getting setup record next newrelic futurestack podcast today hope everyone is
Los_Angeles,_CA Atlanta,_GA one guess who playing stud bar
Toronto,_Ontario Atlanta,_GA bluejays vs yankees game 2night toronto rogers centre
Houston,_TX Atlanta,_GA accident blocks rightt lanes northside 45 fwy inbound airline, stop go traffic back aldine bender, delay 17 mins
Manhattan,_NY Atlanta,_GA hahaha somehow knew pellerinart was gonna be bus should have seen his face t14 metrobus
Toronto,_Ontario Atlanta,_GA desperado rihanna antiworldtour air canada centre
Toronto,_Ontario Atlanta,_GA good morning 832 620 6071 220skinnywraps gmail com entrepreneur
Manhattan,_NY Atlanta,_GA it's show time folks birainnyc biraattribeca themanwhoknewinfinity phhhoto beerlove
Los_Angeles,_CA Atlanta,_GA huge loss la galaxy but it's ok special juice kept us happy no accidents
Toronto,_Ontario Atlanta,_GA can recommend anyone it job toronto, ontario hiring careerarc
Manhattan,_NY Atlanta,_GA here's that famous guy from that lya band vsco vscocam orlando nightofhope orlando,
Los_Angeles,_CA Atlanta,_GA take me out ball game rogers stadium
Los_Angeles,_CA Atlanta,_GA thank everyone who showed up during art walk guys are incredible such
Los_Angeles,_CA Atlanta,_GA coachella fresh hairbyjaimie thepowderroomla 3022w sunsetblvd 3236612233 powder room
Orlando,_FL Atlanta,_GA housebusinesscheck 3000 smith st orlpol opd
Los_Angeles,_CA Atlanta,_GA first selfie sa us sleeping dan notavacation lax american airlines terminal
Manhattan,_NY Atlanta,_GA harryswartout skyswartout chases19 they re twenty year flood teams
Los_Angeles,_CA Atlanta,_GA loved home music studio while showing property today encino studios
Chicago,_IL Atlanta,_GA engineering job alert: civil designer drafter
Manhattan,_NY Atlanta,_GA abc carpet home abchome new york, ny
Manhattan,_NY Atlanta,_GA doing work emails really cigar inn new york, ny
Manhattan,_NY Atlanta,_GA cool wooden bench booths add touch privacy warmth koreanrestaurant
Los_Angeles,_CA Atlanta,_GA brookfield property partners: hidden real estate gem
Los_Angeles,_CA Atlanta,_GA ohhh oh quanell is house isiah factor we are big buddies now fox26houston katmckinley
Los_Angeles,_CA Atlanta,_GA "special cloth alert randomcasualties dontbeone canon la dope photographer
Los_Angeles,_CA Atlanta,_GA watched nba first time bos came from behind win
Manhattan,_NY Atlanta,_GA rideordie linkedinlife top strand, new york, ny
Orlando,_FL Atlanta,_GA commercialalarm 5600 lake underhill rd orlpol opd
Manhattan,_NY Atlanta,_GA cake cake cake tacconelli's pizzeria
Philadelphia,_PA Atlanta,_GA nursing job philadelphia, pa: dosimetrist cancer treatment centers america
Orlando,_FL Atlanta,_GA assistfiredept 1301 1338 orange blossom trail orlpol ocso
Los_Angeles,_CA Atlanta,_GA pho king best pho rua vang golden turtle restaurant
Atlanta,_GA Atlanta,_GA don't want your love duranduran duranduran philips arena
Los_Angeles,_CA Atlanta,_GA beautiful morning you're sun morning babe yoga
Los_Angeles,_CA Atlanta,_GA it's friday we made some candied hazelnut dark chocolate cookies maysvillenyc
Houston,_TX Atlanta,_GA businessmgmt job might be great fit you: chief financial officer houston, tx hiring careerarc
Atlanta,_GA Atlanta,_GA atlanta, ga nonprofit job: parks worker city atlanta jobs hiring
Boston,_MA Atlanta,_GA red sox game two faves fenway park
Manhattan,_NY Atlanta,_GA celebrating neo/club happy early birthday abenjammn grooves restaurant lounge
San_Francisco,_CA Atlanta,_GA spqrfillmore san francisco, ca
Manhattan,_NY Atlanta,_GA godmoments thenewblackwallstreet west side
Manhattan,_NY Atlanta,_GA shake it off {cotton candy sweet salty milkshake blacktapnyc}
San_Francisco,_CA Atlanta,_GA baychella bay bridge
Manhattan,_NY Atlanta,_GA 'sup dinosaurbutt titanosaur amnh american museum natural history
Manhattan,_NY Atlanta,_GA spanish collection by fernandoalberto_atelier weddingdress, bride, wedding, fashion,
Chicago,_IL Atlanta,_GA raisethemacallan michigan visitors morgan manufacturing
Los_Angeles,_CA Atlanta,_GA grove los angeles, ca ali almusalam
Los_Angeles,_CA Atlanta,_GA right now wild friday night beautiful sexy ladies all over right now turn up check mix
Chicago,_IL Atlanta,_GA healthcare job chicago, il: pharmacy technician cvs health jobs hiring careerarc
Manhattan,_NY Atlanta,_GA students nhsjc interested learning more about medillschool northwestern join us
Manhattan,_NY Atlanta,_GA staples harlem, ny
Chicago,_IL Atlanta,_GA blackhawks
Manhattan,_NY Atlanta,_GA nd beer feeling chill lol monster bar nyc
Houston,_TX Atlanta,_GA we're hiring click apply: stores shoe associate melrose store 10 houston, tx retail houston, tx job
Manhattan,_NY Atlanta,_GA recuerda hoy jueves noche de damas de 8:00pm 10:00pm las damas toman gratis en el bar,
Los_Angeles,_CA Atlanta,_GA if know me know love kirk franklin's music obsession song
Los_Angeles,_CA Atlanta,_GA retail cosmetics sales counter manager benefit, full time: macy's beauty: northridge, ca sales job
Manhattan,_NY Atlanta,_GA am very proud say that crossed off one items
Orlando,_FL Atlanta,_GA battery magnolia ave pine st 32801 4/16 01:25 orlando centralbusinessdistrict
Los_Angeles,_CA Atlanta,_GA yasmany tomas: that did not look athletic
Manhattan,_NY Atlanta,_GA closure queensborobridge eb from manhattan side queens side
Los_Angeles,_CA Atlanta,_GA tonight it's going down discotecadtla congaroom mega963fm broadcasting live jammed packed
Los_Angeles,_CA Atlanta,_GA j'ai le plaisir et l'honneur d' tre l'ambassadrice style de newlook pour la 2eme ann
Los_Angeles,_CA Atlanta,_GA life is not problem be solved, but reality be experienced
Houston,_TX Atlanta,_GA favorite health care staffing nursing registered nurse
Boston,_MA Atlanta,_GA party hojokoboston boston, ma
Manhattan,_NY Atlanta,_GA dinner bibbles ceviche cebiche peruvian piopio food foodie love heritage
Boston,_MA Atlanta,_GA happy colorful friday spring is aroundthecorner boston, massachusetts
San_Diego,_CA Atlanta,_GA usmc graduation marine corps recruit depot san diego
Houston,_TX Atlanta,_GA retail job alert: seasonal temporary store associate
Los_Angeles,_CA Atlanta,_GA "turn lights tbt lacma los angeles county museum art
Orlando,_FL Atlanta,_GA housebusinesscheck 830 orange blossom trail orlpol opd
Toronto,_Ontario Atlanta,_GA never see apple store, eaton centre toronto,
Manhattan,_NY Atlanta,_GA happy weekend, lincoln square lincoln square neighborhood
Los_Angeles,_CA Atlanta,_GA warm potato salad
Los_Angeles,_CA Atlanta,_GA see latest losangeles, ca job click apply: cardiac or travelnurse nursing
Toronto,_Ontario Atlanta,_GA wayneclarkdesign lifetimeachievement award cafawards fashionnights fashionismylife
Manhattan,_NY Atlanta,_GA ready todays debut 72u spinphony 72andsunny
Los_Angeles,_CA Atlanta,_GA we're hiring click apply: assistant store manager los angeles retail losangeles, california veterans
Houston,_TX Atlanta,_GA legal job might be great fit you: legal assistant licenses permits katy, tx hiring careerarc
San_Francisco,_CA Atlanta,_GA closed homeless concerns request 909 minna st case closed case is duplicate per dpw duplicate
Manhattan,_NY Atlanta,_GA call her ramenbae jinya ramen bar
Orlando,_FL Atlanta,_GA orlandofree curb alert free mid century loveseat orlando
Washington,_DC Atlanta,_GA constructionworker poses worksite washingtondc 's ivycity
Toronto,_Ontario Atlanta,_GA when boys were 11 toronto, ontario
Toronto,_Ontario Atlanta,_GA when boys were 11 toronto, ontario
San_Francisco,_CA Atlanta,_GA city stay rockin sanfranciscodays sanfrancisco realsf 415day dolores park
Chicago,_IL Atlanta,_GA bye chicago chicago midway international airport mdw chicago, il
Houston,_TX Atlanta,_GA early work saturday but i'd rather be running tmc mhh memorial hermann hospital medical
Manhattan,_NY Atlanta,_GA we're hiring click apply: retail allocator businessmgmt newyork, ny job jobs careerarc
Manhattan,_NY Atlanta,_GA business buddies sales steaks friday nights fill
Los_Angeles,_CA Atlanta,_GA friday evening losangeles pershing square
Manhattan,_NY Atlanta,_GA try cream cheese, walnut florentine, carrot ginger sorbet cream menu
Los_Angeles,_CA Atlanta,_GA get your tickets mos def music box
Los_Angeles,_CA Atlanta,_GA yas quartet performs last movement hadyn's op 33 string quartet roosevelt university
Manhattan,_NY Atlanta,_GA incident franklindrooseveltdrive sb east 91st street
Chicago,_IL Atlanta,_GA 2835 west fargo avenue
Manhattan,_NY Atlanta,_GA roll into tff like thestaycationers thompsonhotels hotellife
Los_Angeles,_CA Atlanta,_GA legal jobs jdhuntr 16380 senior attorney house counsel jobs
Atlanta,_GA Atlanta,_GA streetz945atl pantherpalooza16 georgiastateuniversity 1future georgia state university
Manhattan,_NY Atlanta,_GA i'll take late afternoon meeting these guys anytime natitude nationals park
Manhattan,_NY Atlanta,_GA best kind washington square park
Los_Angeles,_CA Atlanta,_GA it felt rewarding present research today huresearchweek2016 howard university
Los_Angeles,_CA Atlanta,_GA thank mileycyrus spinningupmoreservers artsy
Los_Angeles,_CA Atlanta,_GA it's time dodgers baseball jackie robinson day dodgers jackierobinsonday 42 mlb
Los_Angeles,_CA Atlanta,_GA spontaneous trips coachella side kick 2015cochella
Houston,_TX Atlanta,_GA 16810 fowler pines dr, humble, tx 77346, $446,200 beds, baths
Philadelphia,_PA Atlanta,_GA what happens when talk smack mascot philly alexholleyfox29
Los_Angeles,_CA Atlanta,_GA can't put into words time had experiencing disney universal namely harry potter
Atlanta,_GA Atlanta,_GA can recommend anyone job class lineman transmission atlanta, ga utilities hiring careerarc
San_Diego,_CA Atlanta,_GA manufacturing job sandiego, ca: scaler select staffing jobs hiring careerarc
Manhattan,_NY Atlanta,_GA much light youwillneverstealmyshine river side park by
Washington,_DC Atlanta,_GA went visit abe during lunch break ihaterunning diditanyway washington, district
Chicago,_IL Atlanta,_GA superb joe's seafood, prime steak stone crab joeschicago chicago, il
Manhattan,_NY Atlanta,_GA farewell now webster hall
Manhattan,_NY Atlanta,_GA 67 days summer equinoxmademedoit equinox park avenue
Los_Angeles,_CA Atlanta,_GA faith stirring talks over coffee myfavorite morning relationships friends coffee aroma
Manhattan,_NY Atlanta,_GA empire state mind nyc empirestatebuilding view newyork bigtop fromthebottom
San_Diego,_CA Atlanta,_GA transportation job might be great fit you: parts delivery sandiego, ca hiring careerarc
San_Diego,_CA Atlanta,_GA want work sandiego, ca view latest opening: retail job jobs hiring careerarc
Manhattan,_NY Atlanta,_GA body is chosen art form flattered that can inspire someone pursuit their
Manhattan,_NY Atlanta,_GA 
Manhattan,_NY Atlanta,_GA spicy sugared almonds coming out kitchen today
Orlando,_FL Atlanta,_GA dropping off spider hamburgers mary's orlando, fl
Los_Angeles,_CA Atlanta,_GA first orlando then world murdered performance tonight caboose lounge
Manhattan,_NY Atlanta,_GA partner crime marlijnhoek thank all love minha companheira de crime
Manhattan,_NY Atlanta,_GA barista us starbucks: 200 west 54th st, newyork, ny hospitality veterans job jobs hiring careerarc
Los_Angeles,_CA Atlanta,_GA meet me magiccityatl today afterworkwinddown djwebbz turn up magic
Los_Angeles,_CA Atlanta,_GA what happens when these ingredients mix together ty albrightms alx_adventurers mililaff alxstarwarsstemnight
Boston,_MA Atlanta,_GA me girl pow fenwaypark redsoxopeningday2016 fenway park
San_Francisco,_CA Atlanta,_GA opened graffiti request via iphone 145 fell st
Los_Angeles,_CA Atlanta,_GA ain't no throwback living moment navanav dowhatyoulove begreat music fashion
Los_Angeles,_CA Atlanta,_GA instagram contest is back time it's earth day themed hash tag your conservation
Toronto,_Ontario Atlanta,_GA lunchtime caesars lakeview restaurant lakeview_lunch toronto, stevium
Manhattan,_NY Atlanta,_GA changed person raclette
Orlando,_FL Atlanta,_GA verbaldisturbance 2200 2499 dardanelle dr orlpol ocso
Manhattan,_NY Atlanta,_GA spring is air
Manhattan,_NY Atlanta,_GA demostraci de amor en una tienda de mics en nueva york midtown comics times square
Houston,_TX Atlanta,_GA 18418 teal creek dr, humble, tx 77346, $312,000 beds, baths
Toronto,_Ontario Atlanta,_GA fire commercial/industrial queen st b/w dovercourt road lisgar st, toronto trucks
San_Francisco,_CA Atlanta,_GA see latest sanfrancisco, ca job click apply: staff nurse ii south cardiology pac nursing
Manhattan,_NY Atlanta,_GA just posted photo 3rd restaurant
Manhattan,_NY Atlanta,_GA 59 morton street, manhattan
Orlando,_FL Atlanta,_GA interested healthcare job near orlando, fl could be great fit: hiring careerarc
Manhattan,_NY Atlanta,_GA theroofny new york, ny
Los_Angeles,_CA Atlanta,_GA la streets lastreets los angeles, california
Philadelphia,_PA Atlanta,_GA bsick ballpark phillies game citizen's bank park
Los_Angeles,_CA Atlanta,_GA challanges bts moments movie greatcrew reharsal makeupartist makeup hair
Los_Angeles,_CA Atlanta,_GA elcapitantheatre richard sherman disneythejunglebook el capitan theatre
Manhattan,_NY Atlanta,_GA inakanaturalfoods
Los_Angeles,_CA Atlanta,_GA "the lord is me" psalm 118:6
Toronto,_Ontario Atlanta,_GA therapeutic thursday: hypo mobile thoracic spine is one biggest linchpin movements that
San_Diego,_CA Atlanta,_GA can recommend anyone socialsciences job sandiego, ca veterans hiring careerarc
Los_Angeles,_CA Atlanta,_GA it was honor judge some pretty kick business concepts from these highly impressive
Atlanta,_GA Atlanta,_GA we're hiring read about latest job opening here: digital program manager thecreativegroup atlanta, ga
Los_Angeles,_CA Atlanta,_GA join kelly services team see latest manufacturing job opening here: kellyjobs harborcity, ca hiring
Los_Angeles,_CA Atlanta,_GA after productive business meeting, let's weekend start girl boy
Toronto,_Ontario Atlanta,_GA celebrating spring raw pickled steamed vegetables peahummus romesco gribiche
Houston,_TX Atlanta,_GA 18103 pagemill point ln, humble, tx 77346, $98,804 beds, baths
Los_Angeles,_CA Atlanta,_GA legal job might be great fit you: house counsel jobs jdhuntr 16429 general counsel, hiring
Atlanta,_GA Atlanta,_GA join dell team see latest sales job opening here: delljobs atlanta, ga hiring careerarc
San_Francisco,_CA Atlanta,_GA oh yeah taqueria el farolito san francisco, ca
Los_Angeles,_CA Atlanta,_GA thank vkingsla tickets kershaw vs madbum was must see jackierobinsonday
Houston,_TX Atlanta,_GA 11:11 made wish whataburger honeybutterchickembiscuit hbcb dirtysouth fatboy
Manhattan,_NY Atlanta,_GA helicopter around nyc liberty helicopters
San_Francisco,_CA Atlanta,_GA dolores park
Manhattan,_NY Atlanta,_GA final studio model undergrad ryerson architecture building
Los_Angeles,_CA Atlanta,_GA mrpinoy1224 congrats again
Los_Angeles,_CA Atlanta,_GA sushiburrito granada hills gourmet food trucks explosion food trucks row
Manhattan,_NY Atlanta,_GA jet lag 30am walk around central park central park
Los_Angeles,_CA Atlanta,_GA join kelly services team see latest it job opening here: kellyjobs kellyservices woodlandhills, ca
Los_Angeles,_CA Atlanta,_GA sushi combo lunch sushi by sushi weho beverlyhills sushi by
Manhattan,_NY Atlanta,_GA some guys sorta met thursday dragqueen dragqueens nycdrag nycdragqueen nycdragqueens
Manhattan,_NY Atlanta,_GA breathtaking views from 34th floor bonavista revolving lounge westin bonaventure hotel
San_Francisco,_CA Atlanta,_GA want work macy's retail we're hiring sanfrancisco, ca click details: it job jobs careerarc
Manhattan,_NY Atlanta,_GA famous "pineapple seafood" mixture seafood prepares flavored light cream
San_Francisco,_CA Atlanta,_GA mar naturaleza es dif cil creer que est en sanfrancisco lands end, point lobos, san
Manhattan,_NY Atlanta,_GA 
Washington,_DC Atlanta,_GA tulipmania has reached national gallery art igdc dc nga national gallery art
Manhattan,_NY Atlanta,_GA pedicabs lined up waiting passengers centralparknyc centralpark nyc pedicab central
Houston,_TX Atlanta,_GA want work houston, tx view latest opening: healthcare job jobs hiring
Los_Angeles,_CA Atlanta,_GA want work aerotek we're hiring losangeles, ca click details: construction job jobs
Washington,_DC Atlanta,_GA can recommend anyone job managed services consultant dc washington, dc it hiring
Los_Angeles,_CA Atlanta,_GA mood littleedie greygardens mortville
Manhattan,_NY Atlanta,_GA oniochalasia vsco vscocam vscotoronto vscoph facetune potd ootd photograph
Chicago,_IL Atlanta,_GA if recognize what holding respect swiss tel chicago
San_Francisco,_CA Atlanta,_GA had mini reunion fam sunbathing usual, smh seals pier 39
Manhattan,_NY Atlanta,_GA wow foto ancestral desde el empire state building de
Chicago,_IL Atlanta,_GA tarascas international chicago, il
Boston,_MA Atlanta,_GA put camera horizontal ma we need wide lense all gloriousness gorilla
Manhattan,_NY Atlanta,_GA it's always someone trying stop from being great
Manhattan,_NY Atlanta,_GA fbf that time sfcherryblossomfestival where x2serendipity hellobrookie killed
Los_Angeles,_CA Atlanta,_GA excited about game day orlandocitysc ocsc boessel hotel
Los_Angeles,_CA Atlanta,_GA had such amazing day dime downtown los angeles
Los_Angeles,_CA Atlanta,_GA beautiful evening beaches boardwalk but where are all people ashbridge's bay
Manhattan,_NY Atlanta,_GA here is one from last night again since all tags disappeared love cool instacool
Los_Angeles,_CA Atlanta,_GA can recommend anyone education job shermanoaks, ca hiring careerarc
Washington,_DC Atlanta,_GA sjr32 [new] joint resolution provide limitations transfer certain united states munitions from
Manhattan,_NY Atlanta,_GA people have been asking snapchat dm's here it is dancinkarl getting better
Houston,_TX Atlanta,_GA healthcare job might be great fit you: physical therapist pt home
Houston,_TX Atlanta,_GA congrats warrior's breaking bulls record tho houston astros minute maid park
Orlando,_FL Atlanta,_GA housebusinesscheck lee vista blvd contessa dr orlpol opd
Boston,_MA Atlanta,_GA always proud be from boston onebostonday boston, massachusetts
Chicago,_IL Atlanta,_GA we're hiring read about latest job opening here: registered nurse travel rn chicago, il healthcare
Manhattan,_NY Atlanta,_GA one favourite things do night is go studio learning how play songs
Los_Angeles,_CA Atlanta,_GA california state university, northridge csun northridge, ca
Toronto,_Ontario Atlanta,_GA toronto public library dufferin/st clair branch torontolibrary toronto,
Houston,_TX Atlanta,_GA we're hiring read about latest job opening here: patient care technician philadelphia, pa central
Manhattan,_NY Atlanta,_GA 86th floor
Los_Angeles,_CA Atlanta,_GA checked dodger stadium dodgers vs sfgiants game
Orlando,_FL Atlanta,_GA theft 400 orange ave 32801 4/15 20:19 orlando centralbusinessdistrict
Manhattan,_NY Atlanta,_GA mind is tellin me nooo, but body, body is telling me yesssss bumpandgrind
Manhattan,_NY Atlanta,_GA fire drill timeinc new york, ny editorialiste
Manhattan,_NY Atlanta,_GA spring gala ing triplets whycbs whydidiusethathashtag cipriani wall street
Washington,_DC Atlanta,_GA coalitionbuildr checking state american labor unions today panel ncbcp_bwr
San_Diego,_CA Atlanta,_GA we're hiring click apply: administrative support clerical sandiego, ca job jobs careerarc
Manhattan,_NY Atlanta,_GA hey good morning can say it back if like hey today after work amilkargp come rock
Los_Angeles,_CA Atlanta,_GA we're hiring read about latest job opening here: shift supervisor us hospitality veterans careerarc
Orlando,_FL Atlanta,_GA moleke maloqueiro mclon chapaquente explode mclon_oficial
Washington,_DC Atlanta,_GA prospect washington,
San_Diego,_CA Atlanta,_GA had it bourbon barrel aged, but never lone hellfighter expla hellfighter imperial porter
Los_Angeles,_CA Atlanta,_GA sometimes have be small drums music gypsysallys theoldmain ludwig meinl
Manhattan,_NY Atlanta,_GA you've come long way, baby
Manhattan,_NY Atlanta,_GA bell ball maisie_williams tonight her tff premier devilinthedeepbluesea hair
Orlando,_FL Atlanta,_GA westchelsea composer composerlife contemporarycomposer contemporaryclassical
Manhattan,_NY Atlanta,_GA incident alltrains both directions new york penn station
Atlanta,_GA Atlanta,_GA bestie reunion plus m'darlin buckheadevenings stcecilia st cecilia
Los_Angeles,_CA Atlanta,_GA cabo cantina los angeles, ca
Los_Angeles,_CA Atlanta,_GA celebrating emancipationday we all came visit mlk
Manhattan,_NY Atlanta,_GA hold ya'll weekend is almost here happyfriday taxseason midnightexpression
Boston,_MA Atlanta,_GA sugar rush roomtogrow_org akilah108 rtgbenefit tribecathreesixty three sixty degrees
Manhattan,_NY Atlanta,_GA opening ceremony new york, ny
Los_Angeles,_CA Atlanta,_GA hogwarts hang time no hogwash here wizards harrypotter universalstudios la castles wander
San_Diego,_CA Atlanta,_GA can recommend anyone job mechanic line sandiego, ca skilledtrade
Boston,_MA Atlanta,_GA stizzyleftlane yungbosskj hardrockcafe underrated boston, massachusetts
Manhattan,_NY Atlanta,_GA dr boo hard work today, looking very dapper must say time square nyc
Philadelphia,_PA Atlanta,_GA h3921 [enroll] establishing sick leave bank brian sheehan, employee middlesex county sheriff's
Manhattan,_NY Atlanta,_GA hope see guys your kids bloomingdales today i'll be personalizing delseyofficial
Atlanta,_GA Atlanta,_GA just another morning atlanta trafficjam seaofred morningcommute
Manhattan,_NY Atlanta,_GA red carpet "devil deep blue sea" tribeca2016 tribecafilmfestival
Manhattan,_NY Atlanta,_GA viendo el empire state building macy's herald square
Houston,_TX Atlanta,_GA businessmgmt job houston, tx: director development foundations corporate
Los_Angeles,_CA Atlanta,_GA had celebrate upcoming warm weather weekend some delicious bangbangpie pie
Manhattan,_NY Atlanta,_GA just posted photo pupuseria la casita de don carlos
Toronto,_Ontario Atlanta,_GA shooting issues crown empire tonight no one ok rock though sad phoenix concert theatre toronto,
Los_Angeles,_CA Atlanta,_GA got check out set newgirlonfox everyone was all "hey girl whatchu doin' hey girl
Los_Angeles,_CA Atlanta,_GA want work dollar general corporation we're hiring click details: job
Washington,_DC Atlanta,_GA schiller shissler group received award that was presented national conference chicagorealestate
Los_Angeles,_CA Atlanta,_GA family affair set "art is mirror souls" please help musical production
Manhattan,_NY Atlanta,_GA passion pays off love art new money motivation music business pot livemusic fashion
Los_Angeles,_CA Atlanta,_GA exactly what body needed 3ohm2 namastesnitches yogatothepeople
Chicago,_IL Atlanta,_GA drinking green line pale ale by gooseisland giordano's
Los_Angeles,_CA Atlanta,_GA it's game increments
Philadelphia,_PA Atlanta,_GA drinking gingerbread stout by hardywood luckysmanayunk
Washington,_DC Atlanta,_GA look little lady enjoying some sun park dcpark dc igdc adam's morgan dc
Los_Angeles,_CA Atlanta,_GA vip latina business council amigas4mysoul luncheon coca cola bottling co los
Los_Angeles,_CA Atlanta,_GA baba ghanooj los angeles, ca m7mad_al_hajri
Los_Angeles,_CA Atlanta,_GA repost juanpablodipace hbstudio hbstudionyc part one fun podcast interview is
Los_Angeles,_CA Atlanta,_GA showed him video cat dressed like pirate even that didn't cheer him up la zoo
Manhattan,_NY Atlanta,_GA diane rehm was interviewed by her son, david rehm, yesterday, kick off storycorps mobile
Manhattan,_NY Atlanta,_GA made it oculus wtc gleaming white beautiful oculus
Houston,_TX Atlanta,_GA ifyouaintgetcapturedthenyougotskipped streetfootball2016 cm4life
Manhattan,_NY Atlanta,_GA touch down new york emekaukazu1 congrats gee new ride tings new york, new york
Philadelphia,_PA Atlanta,_GA philly night see iggypop joshhomme postpopdepressiontour again
Boston,_MA Atlanta,_GA closed street lights report 469 washington st case resolved replaced led acorn
Washington,_DC Atlanta,_GA cgi: cashier washington, dc projectmgmt job jobs hiring careerarc
Houston,_TX Atlanta,_GA otd 1912: sinking rms titanic tribune published extra edition news
Los_Angeles,_CA Atlanta,_GA big bruh sunset blvd, hollywood
Philadelphia,_PA Atlanta,_GA mocha/raspberry iced latte dunkindonuts philadelphia, pa
Los_Angeles,_CA Atlanta,_GA funny non stop entertaining movie check it out weekend tbt barbershop3
Houston,_TX Atlanta,_GA if you're hospitality professional houston, tx, check out job: hiring
Houston,_TX Atlanta,_GA we're hiring read about latest job opening here: senior hr manager corporate hr
Manhattan,_NY Atlanta,_GA quick pics perry ellis
Los_Angeles,_CA Atlanta,_GA qui dice que los estadounidenses no les interesa la pol tica elections2016
Manhattan,_NY Atlanta,_GA eliza, francesca, stephen billy survivor live know it alls rhap awesome carolines
Manhattan,_NY Atlanta,_GA grevindev was recording some percussion new album past monday yes, we did use
San_Diego,_CA Atlanta,_GA even working from home, gotta get caffeine starbucks san diego, ca
Manhattan,_NY Atlanta,_GA check out new mystique sandals spring summer gisele tune clothing store
Toronto,_Ontario Atlanta,_GA atthenightshow rihanna air canada centre
Chicago,_IL Atlanta,_GA because duh lindo guadalajara chicago, il
Manhattan,_NY Atlanta,_GA just posted photo battery park by water
Los_Angeles,_CA Atlanta,_GA venice la
San_Francisco,_CA Atlanta,_GA good food, cold beer, great friends, okay fries; note self next time have tots graffiti junktion
Los_Angeles,_CA Atlanta,_GA interested marketing job near chatsworth, ca could be great fit: hiring careerarc
Los_Angeles,_CA Atlanta,_GA doggie smiles are favorite doghotel boarding suitelife doglovers dogsofinstagram
Houston,_TX Atlanta,_GA save date sunday, may pm mikuexpo bnmiramesa bnsandiego bnbookpassion anime
Houston,_TX Atlanta,_GA peony tulips flower flowersoninstagram flowers houstonflowers houstonflorist westside
Chicago,_IL Atlanta,_GA chicago illinois windycity travelingram downtown chicago
Manhattan,_NY Atlanta,_GA can recommend anyone retail job newyork, ny hiring careerarc
Houston,_TX Atlanta,_GA we're hiring read about latest job opening here: registered nurse rn
Toronto,_Ontario Atlanta,_GA jajaja esas caras unquillo, cordoba, argentina
Houston,_TX Atlanta,_GA wgww houston houstondj dj femaledj electro jam boondocks boondockshtx good times
Washington,_DC Atlanta,_GA find me shadows rogermuntu naomiachu teamnosleep voiceofamerica voice america voa
Los_Angeles,_CA Atlanta,_GA me time cheerstolife relaxing cabrillo beach
Toronto,_Ontario Atlanta,_GA viernes de nuevo toronto turo toronto, ontario
Boston,_MA Atlanta,_GA want work charlestown, massachusetts view latest opening: it job jobs hiring careerarc
Boston,_MA Atlanta,_GA we're hiring click apply: avp, naic projects actuarial insurance toronto, job jobs
Manhattan,_NY Atlanta,_GA great laughs long time dearest friend damien sooooo happy see xo friends
Chicago,_IL Atlanta,_GA letsgohawks wegotthis blackhawks lgh gohawks blackfinn ameripub
Los_Angeles,_CA Atlanta,_GA from laker nation thank kobebryant 20 years great memories your last game
Philadelphia,_PA Atlanta,_GA "opportunity get lit" summersixteen bigrings nicethings aigagala aigadesign
Manhattan,_NY Atlanta,_GA got live dumpling here lucillebitterman macmayhan jhmoore3 youdimsumyoulosesome nom wah tea
San_Diego,_CA Atlanta,_GA "social insects 1" by simryn gill simryngill tracywilliamsltd tracy williams, ltd
Chicago,_IL Atlanta,_GA been long day good night everyone west side chicago
Los_Angeles,_CA Atlanta,_GA visited georgia aquarium, which was awesome, got probably best souvenir all time
Atlanta,_GA Atlanta,_GA india: djprithvi evokofficial "oceans"
Chicago,_IL Atlanta,_GA birthday girl, drmccoy_thedj skate swag rink chicago
Washington,_DC Atlanta,_GA want work washington, dc view latest opening: nursing job jobs hiring careerarc
Manhattan,_NY Atlanta,_GA repost ufc repostapp congrats these new yorkers they did it mma2ny madison
Manhattan,_NY Atlanta,_GA you'll never know where find new inspiration it's been while since included myself
Los_Angeles,_CA Atlanta,_GA papa cristo's catering greek taverna papa_cristo los angeles, ca
Manhattan,_NY Atlanta,_GA ernievicente hey ern totally impressive shows youve been doing world needs replacement mr williams
Chicago,_IL Atlanta,_GA want work charles schwab we're hiring chicago, il click details: it veterans job jobs
Manhattan,_NY Atlanta,_GA ny nyc fightfor15 fastfoodforward strikefastfood new york times square
Manhattan,_NY Atlanta,_GA madhouse madison
Los_Angeles,_CA Atlanta,_GA incredibly blessed have friendship guy standing next me never life
Orlando,_FL Atlanta,_GA domesticdisturbance 100 hughey ave 32801 4/14 20:20 orlando holdenparramore
Manhattan,_NY Atlanta,_GA sold out comedykapow 120diner stoked be featured show 120 diner
San_Francisco,_CA Atlanta,_GA if you're sales professional sanfrancisco, ca, check out job: hiring careerarc
Chicago,_IL Atlanta,_GA 3141 west fargo avenue
Los_Angeles,_CA Atlanta,_GA it again setlife actor russdun tv menwithstyle dappermen sunsetgowerstudios loving
Los_Angeles,_CA Atlanta,_GA work work work dodger stadium mlb los angeles, ca
Manhattan,_NY Atlanta,_GA owenalchemy looking chic mornings event moniquejonespr entertaining_co
Manhattan,_NY Atlanta,_GA mcnyc yiddishtheater zero mostels original costume fiddler roof looks lot like
Chicago,_IL Atlanta,_GA we're hiring read about latest job opening here: team member cook chicago, il
Houston,_TX Atlanta,_GA team usa baseball south texas
Los_Angeles,_CA Atlanta,_GA if you're legal professional sanfrancisco, ca, check out job: hiring careerarc
Manhattan,_NY Atlanta,_GA new fae archaic just arrived mission: comics art
Los_Angeles,_CA Atlanta,_GA singer, meet finger if want laugh your butts off, go
Manhattan,_NY Atlanta,_GA fashionfriday adidasy3, yes please yohjiyamamoto adidas sick collabo shoegametight
Houston,_TX Atlanta,_GA we're hiring read about latest job opening here: qa lead houston, tx+ houston, tx it careerarc
Manhattan,_NY Atlanta,_GA prayforjapan they had another earthquake morning praying everyone is alright
Los_Angeles,_CA Atlanta,_GA literally went harry potter ride x2 bestride harrypotter
Los_Angeles,_CA Atlanta,_GA just posted photo oakwood toluca hills
Orlando,_FL Atlanta,_GA battery 1600 1799 24th st orlpol ocso
Orlando,_FL Atlanta,_GA trespasser 4000 4099 columbia st orlpol ocso
Los_Angeles,_CA Atlanta,_GA when you're really tryna catch that angle sittingontopoftheworld
Houston,_TX Atlanta,_GA memorial hermann nursing job: new grad rn nurse residency houston, tx jobs hiring careerarc
Los_Angeles,_CA Atlanta,_GA heroes come go, but legends are forever thank kobe
Los_Angeles,_CA Atlanta,_GA "and though she be but little, she is fierce ~shakespeare resident
Manhattan,_NY Atlanta,_GA here chinese chamber commerce jing fong restaurant jingfongny new york, ny
Manhattan,_NY Atlanta,_GA carmine's new york, ny
San_Francisco,_CA Atlanta,_GA border san francisco/daly city daly city, ca
San_Diego,_CA Atlanta,_GA san diego gulls hockey san diego, ca
Manhattan,_NY Atlanta,_GA melvins webster hall
Chicago,_IL Atlanta,_GA robert half finance accounting: payroll supervisor/manager/director chicago, il accounting job jobs hiring
Toronto,_Ontario Atlanta,_GA kardinalo 1s 2s cafa2016 toronto canadianfashion afterparty fairmont royal
Los_Angeles,_CA Atlanta,_GA frozen greek yogurt, olive oil sea salt one life's simple pleasures treat yo self
Los_Angeles,_CA Atlanta,_GA one year ago asked sam marry me ever since life has been completely transformed
San_Francisco,_CA Atlanta,_GA tacaya trejismo union square, san francisco
Manhattan,_NY Atlanta,_GA no, your new york city pet deer cannot enter patisserie maison kayser
Manhattan,_NY Atlanta,_GA ny photo by fredi guaraca nycphotographer nyc newyork photography nyinwheels
Boston,_MA Atlanta,_GA l7 weenies fenway park
Houston,_TX Atlanta,_GA starbucks houston, tx
Los_Angeles,_CA Atlanta,_GA little harpoon enhance already dope game harpoonbrewery bostonredsox redsox
Manhattan,_NY Atlanta,_GA these are consolation prizes from lovely maureen not being able run monday worth
Philadelphia,_PA Atlanta,_GA clothespin statue philadelphia, pa
Orlando,_FL Atlanta,_GA we're hiring read about latest job opening here: quality control inspector manufacturing orlando, fl
Manhattan,_NY Atlanta,_GA just me fdr frankin roosevelt memorial
Boston,_MA Atlanta,_GA banking job might be great fit you: technology sr credit officer boston, ma hiring
Manhattan,_NY Atlanta,_GA football rubber key cap official christmas xmas birthday gift
Houston,_TX Atlanta,_GA like mother, like daughter creekside, woodlands tx
Toronto,_Ontario Atlanta,_GA ripley's aquarium canada
Houston,_TX Atlanta,_GA we're hiring read about latest job opening here: sales operations management training program
Manhattan,_NY Atlanta,_GA yay me repost jamesbane repostapp excitement new host
Boston,_MA Atlanta,_GA closed litter report 76a appleton st case resolved said location bag picked up
Manhattan,_NY Atlanta,_GA bogo family nights wizard oz national theatre
Boston,_MA Atlanta,_GA facilitiesmgmt job boston, ma: lead maintenance technician avalonbay nowhiring
Manhattan,_NY Atlanta,_GA abc13eyewitness ms 150 early morning everyone is getting ready go_ 13photogwillie
Los_Angeles,_CA Atlanta,_GA gram 8ths till 3am 420 weed cannabiscommunity cannabis mmj vencie beach
Atlanta,_GA Atlanta,_GA clark atlanta university
Manhattan,_NY Atlanta,_GA yoyo_ma emanuelax playing all five beethoven cello concertos assured beauty
Manhattan,_NY Atlanta,_GA verlaine bar lounge verlainenyc new york, ny
Manhattan,_NY Atlanta,_GA youth had day off from aftrschoolmttrs but staff keep grinding beststaff
Chicago,_IL Atlanta,_GA showtime davidbanner georgesmusic promontory
Toronto,_Ontario Atlanta,_GA happyaniversary happywifehappylife angelini osteria
San_Francisco,_CA Atlanta,_GA view way lunch san francisco, california
Manhattan,_NY Atlanta,_GA nicobraun_ lol after how season went mate lol
Los_Angeles,_CA Atlanta,_GA weareamericannightmare coldcave23 thank new songs are great americannightmare echo
Toronto,_Ontario Atlanta,_GA 'we can't be patient' attawapiskat crisis, ontario health minister hoskins says
Houston,_TX Atlanta,_GA healthcare job might be great fit you: regional manager houston, tx hiring
Houston,_TX Atlanta,_GA roots salon rootsmontrose houston, tx
Manhattan,_NY Atlanta,_GA project week almost wrapped up good feeling move ticket "completed" builderofthings
Manhattan,_NY Atlanta,_GA is meee lol condom lol aprilfools funnyvines goodnight nochill followme vines
Los_Angeles,_CA Atlanta,_GA samson c03u multi pattern usb mic review test by: bandrew scott
Los_Angeles,_CA Atlanta,_GA hey guys griffith observatory
Manhattan,_NY Atlanta,_GA eff chase dad coulda struggled tights been prince nooo, much funnier big hairy guy do drag
Los_Angeles,_CA Atlanta,_GA los angeles international airport lax flylaxairport los angeles, ca
Manhattan,_NY Atlanta,_GA it job might be great fit you: software engineer newyork, ny hiring
Orlando,_FL Atlanta,_GA suspiciousperson south st 32801 4/16 06:02 orlando centralbusinessdistrict
Chicago,_IL Atlanta,_GA friday night bartending shenanigans innjoy chicago, il
Manhattan,_NY Atlanta,_GA official play after txsuspringfest concert april 16th whatsafterplies
Los_Angeles,_CA Atlanta,_GA we got champagne problems only one way solve 'em raising glass cause it's loss
Manhattan,_NY Atlanta,_GA new york stock exchange, new york, ny _, kph, 0m,
Los_Angeles,_CA Atlanta,_GA can be any cuter melrose punk dog cutedogs losangeles hollywood photo animals pets
Los_Angeles,_CA Atlanta,_GA celebration before celebration fuckthegiants godoyers dodger stadium
Manhattan,_NY Atlanta,_GA keep calm be happy christisothers crystals grand hyatt new york
Toronto,_Ontario Atlanta,_GA dannyixxi killed it tonight themodclub torontotalent ;b vocalsonfleek jamband the6ix
Los_Angeles,_CA Atlanta,_GA thursday vibes love la echo park lake
Chicago,_IL Atlanta,_GA who had best diss song 2pac nas jay notoriousbig icecube chicago, illinois
Manhattan,_NY Atlanta,_GA soul+journey
Chicago,_IL Atlanta,_GA early mornin' jogs fur child baker beach
Boston,_MA Atlanta,_GA cannoli time mikespastry boston, ma
Manhattan,_NY Atlanta,_GA place is awesome rt chicagoist: new logan square bar will make love mezcal:
Atlanta,_GA Atlanta,_GA lokillo entertainment its vacca lounge dine, drink, turn up party me _friday,
Toronto,_Ontario Atlanta,_GA everything dope everythingdope rockets rednation nba nbaplayoffs letsgoooooooooooo
Manhattan,_NY Atlanta,_GA better view than any treadmill no filter join us central park 5k fun run m,w, ;f
Chicago,_IL Atlanta,_GA can recommend anyone job aem senior business analyst chicago, il businessmgmt hiring
Toronto,_Ontario Atlanta,_GA rihanna all lights antiworldtour air canada centre
Orlando,_FL Atlanta,_GA attemptedsuicide 100 hughey ave 32801 4/16 03:47 orlando holdenparramore
Manhattan,_NY Atlanta,_GA love neighborhood outsideisfree via marisol park
Manhattan,_NY Atlanta,_GA celebrating bachelorette prior level function: sober
Manhattan,_NY Atlanta,_GA yet another new awesome pin jacket pingame pins cute kawaii style fashion
Houston,_TX Atlanta,_GA if you're transportation professional houston, tx, check out job: hiring
San_Francisco,_CA Atlanta,_GA lombard street san francisco, ca
Manhattan,_NY Atlanta,_GA southbeachsaturdays waliwuu streetbosses realfamment south beach restauran lounge
Los_Angeles,_CA Atlanta,_GA just posted photo wizarding world harry potter universal studios hollywood
Manhattan,_NY Atlanta,_GA tgif it's going down tonight lexington bar come out hear me sing starts 8pm
San_Diego,_CA Atlanta,_GA can recommend anyone sales job sandiego, ca hiring careerarc
Manhattan,_NY Atlanta,_GA here's tonight's guest speakers screening jumbo wild mia monroe, park ranger from
Atlanta,_GA Atlanta,_GA bout time braves atlanta atlantabraves mlb cut4 tomahawkshotgun atl
Toronto,_Ontario Atlanta,_GA taller than tower nofilter nofoolin park play toronto music garden
Los_Angeles,_CA Atlanta,_GA dis faka was waiting me outside tonight when was pau work hawaii 808 aiea kamehameha
Houston,_TX Atlanta,_GA sutro heights park
Los_Angeles,_CA Atlanta,_GA curmudgeon survives we still have few pours left 2013 founders curmudgeon $8/10oz
Manhattan,_NY Atlanta,_GA random bowie tribute nyc bond street
Manhattan,_NY Atlanta,_GA back 30 rock nyc whats up rockefeller center
Houston,_TX Atlanta,_GA dawg drudetheartist peepin peepinvideoshoot follow houston2media right touch detail
Toronto,_Ontario Atlanta,_GA firstlady canada primeministerswife sophie cafawards fashionnights fashionismylife
Manhattan,_NY Atlanta,_GA alhamdulilah, finished first year uni anywhoooo summer
Manhattan,_NY Atlanta,_GA hawai'i is looking hire teachers from mainland any takers
Houston,_TX Atlanta,_GA house blues line cooks house blues houston, tx hospitality veterans job jobs hiring careerarc
Manhattan,_NY Atlanta,_GA tonight beautybarnyc happy hour 6:30 11 pm: indie, new wave, post punk, soul, etc
Chicago,_IL Atlanta,_GA 1400 michigan gym chicago, il
Houston,_TX Atlanta,_GA sr patient liaison houston methodist west hospital: houston, tx job jobs hiring careerarc
San_Francisco,_CA Atlanta,_GA bangs hairbysammyoliver redhead lorealprofessionnel sf sfsalon hairstylist randcohair
Manhattan,_NY Atlanta,_GA i've done lot cool things, but being love is by far coolest thing that's ever happened me
Chicago,_IL Atlanta,_GA want work dell we're hiring chicago, il click details: businessmgmt delljobs job jobs
Manhattan,_NY Atlanta,_GA today is perfect day me because love coffee today
Los_Angeles,_CA Atlanta,_GA heartbeat jonathan horan
Los_Angeles,_CA Atlanta,_GA giaskova modeling model joshua shultz's photography
Atlanta,_GA Atlanta,_GA delaware north: supervisor atlanta, ga hospitality job jobs hiring careerarc
Manhattan,_NY Atlanta,_GA moment, when spotify robot suggests arvo rtfor fo'
Manhattan,_NY Atlanta,_GA cattvision
Manhattan,_NY Atlanta,_GA ars disney space station it no longer seems like such goofy idea
Manhattan,_NY Atlanta,_GA thanks kevondoylejones emergechange kicking off socap365 impacthubnyc impact hub nyc
Houston,_TX Atlanta,_GA join bmc software team see latest it job opening here: workatbmc houston, tx hiring
Houston,_TX Atlanta,_GA trendsetter themarjacobs is trending malepolish jinstagram jinsoon hand foot spa
Houston,_TX Atlanta,_GA want work languageline solutions we're hiring houston, tx click details: interpreter bilingual
Los_Angeles,_CA Atlanta,_GA wonderful los angeles, california
Los_Angeles,_CA Atlanta,_GA hogwartz wizarding world harry potter universal studios hollywood
Los_Angeles,_CA Atlanta,_GA but his delight is law lord, his law he meditates day night he shall
Manhattan,_NY Atlanta,_GA today's view from salesforce hq salesforce
Los_Angeles,_CA Atlanta,_GA lil doodle cumbiamachin while im djing thediscopunk thelocalsd mrsticker aka
San_Francisco,_CA Atlanta,_GA sfballet program justin peck: countenance kings war memorial opera house san francisco, ca
Manhattan,_NY Atlanta,_GA antenna performing el taller springsounds growingunderground beautyeverywhere
Manhattan,_NY Atlanta,_GA having glass wine waiting ballerina muka
Los_Angeles,_CA Atlanta,_GA interested art job near westside, ca could be great fit: hiring careerarc
Manhattan,_NY Atlanta,_GA happy rustlord_cityview weekend center city philly
Manhattan,_NY Atlanta,_GA long island 2016 citizens bank park
Manhattan,_NY Atlanta,_GA rg from emoleecheneats: time that numpang peppercorn catfish bahnmi that
Los_Angeles,_CA Atlanta,_GA pale bangs lob bluntcut vintagelove goodnight girlies los angeles,
Atlanta,_GA Atlanta,_GA introduction dry shampoo
Los_Angeles,_CA Atlanta,_GA see latest losangeles, ca job click apply: rn operating room nursing hiring careerarc
Orlando,_FL Atlanta,_GA generaldisturbance 409 magnolia ave orlpol opd
Los_Angeles,_CA Atlanta,_GA nyfw modeloffduty kirstinliljegren milk studios
Atlanta,_GA Atlanta,_GA entertainment justinbieber team purposeworldtour2016
Washington,_DC Atlanta,_GA thestruggleisreal gradschoolgrind gradschoolproblems graduatescholar gradschool realtalk
Manhattan,_NY Atlanta,_GA good morning 290 eisenhower
Los_Angeles,_CA Atlanta,_GA down town la djdannig freedom fly jump downtown la downtownla trowback funk feelfree
Los_Angeles,_CA Atlanta,_GA want work cvs health we're hiring lajolla, ca click details: retail job jobs careerarc
Chicago,_IL Atlanta,_GA can recommend anyone job training content specialist chicago, il education hiring careerarc
Toronto,_Ontario Atlanta,_GA her attitude rihanna antiworldtour air canada centre
Boston,_MA Atlanta,_GA murphy's law 837 summer st south boston failed check 2nd time details:
Los_Angeles,_CA Atlanta,_GA out odd market autry museum tonight until 11 food trucks, live band, kid zone,
Manhattan,_NY Atlanta,_GA "as open eyes" beautiful film too deep tribeca film
Philadelphia,_PA Atlanta,_GA closed due demonstration philadelphia broad st both nb/sb between girard ave spg garden st traffic
